app/build/intermediates/manifest_merge_blame_file/debug/manifest-merger-blame-debug-report.txt
1<?xml version="1.0" encoding="utf-8"?>
2<manifest xmlns:android="http://schemas.android.com/apk/res/android"
3    package="com.partyfm.radio"
4    android:targetSandboxVersion="1"
5    android:versionCode="19"
6    android:versionName="3.0.1" >
7
8    <uses-sdk
9        android:minSdkVersion="21"
9-->src/main/AndroidManifest.xml
10        android:targetSdkVersion="29" />
10-->src/main/AndroidManifest.xml
11
12    <uses-permission android:name="android.permission.FOREGROUND_SERVICE" />
12-->src/main/AndroidManifest.xml:7:5-77
12-->src/main/AndroidManifest.xml:7:22-74
13    <uses-permission android:name="android.permission.ACCESS_WIFI_STATE" />
13-->src/main/AndroidManifest.xml:8:5-76
13-->src/main/AndroidManifest.xml:8:22-73
14    <uses-permission android:name="android.permission.ACCESS_NETWORK_STATE" />
14-->src/main/AndroidManifest.xml:9:5-79
14-->src/main/AndroidManifest.xml:9:22-76
15    <uses-permission android:name="android.permission.INTERNET" />
15-->src/main/AndroidManifest.xml:10:5-67
15-->src/main/AndroidManifest.xml:10:22-64
16    <uses-permission android:name="android.permission.WRITE_SETTINGS" />
16-->src/main/AndroidManifest.xml:11:5-12:47
16-->src/main/AndroidManifest.xml:11:22-70
17    <uses-permission android:name="android.permission.RECORD_AUDIO" />
17-->src/main/AndroidManifest.xml:13:5-71
17-->src/main/AndroidManifest.xml:13:22-68
18    <uses-permission android:name="android.permission.MODIFY_AUDIO_SETTINGS" />
18-->src/main/AndroidManifest.xml:14:5-80
18-->src/main/AndroidManifest.xml:14:22-77
19    <uses-permission android:name="android.permission.WAKE_LOCK" />
19-->src/main/AndroidManifest.xml:15:5-68
19-->src/main/AndroidManifest.xml:15:22-65
20    <uses-permission android:name="android.permission.READ_PHONE_STATE" />
20-->src/main/AndroidManifest.xml:16:5-75
20-->src/main/AndroidManifest.xml:16:22-72
21    <uses-permission android:name="com.google.android.c2dm.permission.RECEIVE" />
21-->src/main/AndroidManifest.xml:17:5-82
21-->src/main/AndroidManifest.xml:17:22-79
22    <uses-permission android:name="android.permission.WRITE_EXTERNAL_STORAGE" />
22-->src/main/AndroidManifest.xml:18:5-81
22-->src/main/AndroidManifest.xml:18:22-78
23    <uses-permission android:name="android.permission.READ_EXTERNAL_STORAGE" />
23-->src/main/AndroidManifest.xml:19:5-80
23-->src/main/AndroidManifest.xml:19:22-77
24    <uses-permission android:name="com.firecast.laradiosv.permission.C2D_MESSAGE" />
24-->src/main/AndroidManifest.xml:20:5-85
24-->src/main/AndroidManifest.xml:20:22-82
25
26    <application
26-->src/main/AndroidManifest.xml:22:5-76:19
27        android:allowBackup="true"
27-->src/main/AndroidManifest.xml:24:9-35
28        android:appComponentFactory="androidx.core.app.CoreComponentFactory"
28-->[androidx.core:core:1.1.0] AndroidManifest.xml:24:18-86
29        android:debuggable="true"
30        android:hardwareAccelerated="true"
30-->src/main/AndroidManifest.xml:25:9-43
31        android:icon="@drawable/ic_icon"
31-->src/main/AndroidManifest.xml:26:9-41
32        android:label="@string/app_name"
32-->src/main/AndroidManifest.xml:27:9-41
33        android:supportsRtl="true"
33-->src/main/AndroidManifest.xml:28:9-35
34        android:theme="@style/AppTheme"
34-->src/main/AndroidManifest.xml:29:9-40
35        android:usesCleartextTraffic="true" >
35-->src/main/AndroidManifest.xml:23:9-44
36        <activity
36-->src/main/AndroidManifest.xml:33:9-41:20
37            android:name="com.partyfm.radio.activities.MainActivity"
37-->src/main/AndroidManifest.xml:34:13-69
38            android:launchMode="singleTop"
38-->src/main/AndroidManifest.xml:35:13-43
39            android:screenOrientation="userPortrait" >
39-->src/main/AndroidManifest.xml:36:13-53
40            <intent-filter>
40-->src/main/AndroidManifest.xml:37:13-40:29
41                <action android:name="android.intent.action.MAIN" />
41-->src/main/AndroidManifest.xml:38:17-69
41-->src/main/AndroidManifest.xml:38:25-66
42
43                <category android:name="android.intent.category.LAUNCHER" />
43-->src/main/AndroidManifest.xml:39:17-77
43-->src/main/AndroidManifest.xml:39:27-74
44            </intent-filter>
45        </activity>
46        <activity android:name="com.partyfm.radio.activities.ActivityAbout" />
46-->src/main/AndroidManifest.xml:43:9-44:73
46-->src/main/AndroidManifest.xml:44:13-70
47        <activity android:name="com.partyfm.radio.activities.ActivitySocial" />
47-->src/main/AndroidManifest.xml:46:9-47:74
47-->src/main/AndroidManifest.xml:47:13-71
48
49        <service android:name="com.partyfm.radio.services.PlayerService" >
49-->src/main/AndroidManifest.xml:49:9-62:19
49-->src/main/AndroidManifest.xml:49:18-73
50            <intent-filter>
50-->src/main/AndroidManifest.xml:50:13-61:29
51                <action android:name="com.partyfm.radio.notification.INTENT_PLAYPAUSE" />
51-->src/main/AndroidManifest.xml:51:17-90
51-->src/main/AndroidManifest.xml:51:25-87
52                <action android:name="com.partyfm.radio.action.INTENT_CANCEL" />
52-->src/main/AndroidManifest.xml:52:17-81
52-->src/main/AndroidManifest.xml:52:25-78
53                <action android:name="com.partyfm.radio.action.INTENT_MUTE" />
53-->src/main/AndroidManifest.xml:53:17-79
53-->src/main/AndroidManifest.xml:53:25-76
54                <action android:name="com.partyfm.radio.action.INTENT_MUTE" />
54-->src/main/AndroidManifest.xml:53:17-79
54-->src/main/AndroidManifest.xml:53:25-76
55                <action android:name="com.partyfm.radio.action.INTENT_PLAY" />
55-->src/main/AndroidManifest.xml:55:17-79
55-->src/main/AndroidManifest.xml:55:25-76
56                <action android:name="com.partyfm.radio.action.INTENT_EXIT" />
56-->src/main/AndroidManifest.xml:56:17-79
56-->src/main/AndroidManifest.xml:56:25-76
57                <action android:name="com.partyfm.radio.INTENT_MUTE" />
57-->src/main/AndroidManifest.xml:57:17-72
57-->src/main/AndroidManifest.xml:57:25-69
58                <action android:name="com.partyfm.radio.action.PLAY" />
58-->src/main/AndroidManifest.xml:58:17-72
58-->src/main/AndroidManifest.xml:58:25-69
59                <action android:name="com.partyfm.radio.action.STOP" />
59-->src/main/AndroidManifest.xml:59:17-72
59-->src/main/AndroidManifest.xml:59:25-69
60                <action android:name="com.partyfm.radio.action.DISMISS" />
60-->src/main/AndroidManifest.xml:60:17-75
60-->src/main/AndroidManifest.xml:60:25-72
61            </intent-filter>
62        </service>
63        <service
63-->src/main/AndroidManifest.xml:64:9-70:19
64            android:name="co.mobiwise.library.radio.RadioPlayerService"
64-->src/main/AndroidManifest.xml:64:18-77
65            android:permission="TODO" >
65-->[:library] AndroidManifest.xml:21:13-38
66            <intent-filter>
66-->src/main/AndroidManifest.xml:65:13-69:29
67                <action android:name="co.mobiwise.library.notification.radio.INTENT_PLAYPAUSE" />
67-->src/main/AndroidManifest.xml:66:17-98
67-->src/main/AndroidManifest.xml:66:25-95
68                <action android:name="co.mobiwise.library.notification.radio.INTENT_OPENPLAYER" />
68-->src/main/AndroidManifest.xml:67:17-99
68-->src/main/AndroidManifest.xml:67:25-96
69                <action android:name="co.mobiwise.library.notification.radio.INTENT_CANCEL" />
69-->src/main/AndroidManifest.xml:68:17-95
69-->src/main/AndroidManifest.xml:68:25-92
70            </intent-filter>
71            <intent-filter>
71-->[:library] AndroidManifest.xml:23:13-28:29
72                <action android:name="co.mobiwise.library.notification.radio.INTENT_PLAYPAUSE" />
72-->src/main/AndroidManifest.xml:66:17-98
72-->src/main/AndroidManifest.xml:66:25-95
73                <action android:name="com.partyfm.dk.notification.radio.INTENT_MUTE" />
73-->[:library] AndroidManifest.xml:25:17-88
73-->[:library] AndroidManifest.xml:25:25-85
74                <action android:name="co.mobiwise.library.notification.radio.INTENT_OPENPLAYER" />
74-->src/main/AndroidManifest.xml:67:17-99
74-->src/main/AndroidManifest.xml:67:25-96
75                <action android:name="co.mobiwise.library.notification.radio.INTENT_CANCEL" />
75-->src/main/AndroidManifest.xml:68:17-95
75-->src/main/AndroidManifest.xml:68:25-92
76            </intent-filter>
77        </service>
78
79        <meta-data
79-->src/main/AndroidManifest.xml:72:9-74:79
80            android:name="com.google.android.gms.cast.framework.OPTIONS_PROVIDER_CLASS_NAME"
80-->src/main/AndroidManifest.xml:73:13-93
81            android:value="com.partyfm.radio.utilities.CastOptionsProvider" />
81-->src/main/AndroidManifest.xml:74:13-76
82
83        <receiver
83-->[com.google.android.gms:play-services-cast-framework:18.0.0] AndroidManifest.xml:10:9-12:40
84            android:name="com.google.android.gms.cast.framework.media.MediaIntentReceiver"
84-->[com.google.android.gms:play-services-cast-framework:18.0.0] AndroidManifest.xml:11:13-91
85            android:exported="false" />
85-->[com.google.android.gms:play-services-cast-framework:18.0.0] AndroidManifest.xml:12:13-37
86
87        <service
87-->[com.google.android.gms:play-services-cast-framework:18.0.0] AndroidManifest.xml:14:9-16:40
88            android:name="com.google.android.gms.cast.framework.media.MediaNotificationService"
88-->[com.google.android.gms:play-services-cast-framework:18.0.0] AndroidManifest.xml:15:13-96
89            android:exported="false" />
89-->[com.google.android.gms:play-services-cast-framework:18.0.0] AndroidManifest.xml:16:13-37
90        <service
90-->[com.google.android.gms:play-services-cast-framework:18.0.0] AndroidManifest.xml:17:9-19:40
91            android:name="com.google.android.gms.cast.framework.ReconnectionService"
91-->[com.google.android.gms:play-services-cast-framework:18.0.0] AndroidManifest.xml:18:13-85
92            android:exported="false" />
92-->[com.google.android.gms:play-services-cast-framework:18.0.0] AndroidManifest.xml:19:13-37
93
94        <activity
94-->[com.google.android.gms:play-services-base:17.1.0] AndroidManifest.xml:23:9-26:75
95            android:name="com.google.android.gms.common.api.GoogleApiActivity"
95-->[com.google.android.gms:play-services-base:17.1.0] AndroidManifest.xml:24:13-79
96            android:exported="false"
96-->[com.google.android.gms:play-services-base:17.1.0] AndroidManifest.xml:25:13-37
97            android:theme="@android:style/Theme.Translucent.NoTitleBar" />
97-->[com.google.android.gms:play-services-base:17.1.0] AndroidManifest.xml:26:13-72
98
99        <meta-data
99-->[com.google.android.gms:play-services-basement:17.1.0] AndroidManifest.xml:23:9-25:69
100            android:name="com.google.android.gms.version"
100-->[com.google.android.gms:play-services-basement:17.1.0] AndroidManifest.xml:24:13-58
101            android:value="@integer/google_play_services_version" />
101-->[com.google.android.gms:play-services-basement:17.1.0] AndroidManifest.xml:25:13-66
102
103        <provider
103-->[androidx.lifecycle:lifecycle-process:2.1.0] AndroidManifest.xml:23:9-27:43
104            android:name="androidx.lifecycle.ProcessLifecycleOwnerInitializer"
104-->[androidx.lifecycle:lifecycle-process:2.1.0] AndroidManifest.xml:24:13-79
105            android:authorities="com.partyfm.radio.lifecycle-process"
105-->[androidx.lifecycle:lifecycle-process:2.1.0] AndroidManifest.xml:25:13-69
106            android:exported="false"
106-->[androidx.lifecycle:lifecycle-process:2.1.0] AndroidManifest.xml:26:13-37
107            android:multiprocess="true" />
107-->[androidx.lifecycle:lifecycle-process:2.1.0] AndroidManifest.xml:27:13-40
108
109        <service
109-->[com.google.android.datatransport:transport-backend-cct:2.1.0] AndroidManifest.xml:29:9-35:19
110            android:name="com.google.android.datatransport.runtime.backends.TransportBackendDiscovery"
110-->[com.google.android.datatransport:transport-backend-cct:2.1.0] AndroidManifest.xml:30:13-103
111            android:exported="false" >
111-->[com.google.android.datatransport:transport-backend-cct:2.1.0] AndroidManifest.xml:31:13-37
112            <meta-data
112-->[com.google.android.datatransport:transport-backend-cct:2.1.0] AndroidManifest.xml:32:13-34:39
113                android:name="backend:com.google.android.datatransport.cct.CctBackendFactory"
113-->[com.google.android.datatransport:transport-backend-cct:2.1.0] AndroidManifest.xml:33:17-94
114                android:value="cct" />
114-->[com.google.android.datatransport:transport-backend-cct:2.1.0] AndroidManifest.xml:34:17-36
115        </service>
116        <service
116-->[com.google.android.datatransport:transport-runtime:2.1.0] AndroidManifest.xml:26:9-30:19
117            android:name="com.google.android.datatransport.runtime.scheduling.jobscheduling.JobInfoSchedulerService"
117-->[com.google.android.datatransport:transport-runtime:2.1.0] AndroidManifest.xml:27:13-117
118            android:exported="false"
118-->[com.google.android.datatransport:transport-runtime:2.1.0] AndroidManifest.xml:28:13-37
119            android:permission="android.permission.BIND_JOB_SERVICE" >
119-->[com.google.android.datatransport:transport-runtime:2.1.0] AndroidManifest.xml:29:13-69
120        </service>
121
122        <receiver
122-->[com.google.android.datatransport:transport-runtime:2.1.0] AndroidManifest.xml:32:9-34:40
123            android:name="com.google.android.datatransport.runtime.scheduling.jobscheduling.AlarmManagerSchedulerBroadcastReceiver"
123-->[com.google.android.datatransport:transport-runtime:2.1.0] AndroidManifest.xml:33:13-132
124            android:exported="false" />
124-->[com.google.android.datatransport:transport-runtime:2.1.0] AndroidManifest.xml:34:13-37
125    </application>
126
127</manifest>